<?xml version="1.0" encoding="UTF-8"?>
<!-- Generated by org.testng.reporters.JUnitReportReporter -->
<testsuite skipped="0" hostname="BLLCLAPUS1410" name="com.qa.ebay.EbayAutomation.EbayTest" tests="1" failures="0" timestamp="2022-03-07T12:26:09 PST" time="13.534" errors="0">
  <testcase name="verifyAdvertisement" time="13.534" classname="com.qa.ebay.EbayAutomation.EbayTest"/>
  <system-out/>
</testsuite> <!-- com.qa.ebay.EbayAutomation.EbayTest -->
