<?xml version="1.0" encoding="UTF-8"?>
<!-- Generated by org.testng.reporters.JUnitReportReporter -->
<testsuite skipped="0" hostname="BLLCLAPUS1410" name="com.qa.ebay.EbayAutomation.EbayPageTest" tests="2" failures="0" timestamp="2022-03-15T18:19:04 PDT" time="15.734" errors="0">
  <testcase name="testVerifyPageTitleUsingTestngParameter" time="3.895" classname="com.qa.ebay.EbayAutomation.EbayPageTest"/>
  <system-out/>
  <testcase name="testVerifyPageTitleUsingTestngParameter" time="11.839" classname="com.qa.ebay.EbayAutomation.EbayPageTest"/>
  <system-out/>
</testsuite> <!-- com.qa.ebay.EbayAutomation.EbayPageTest -->
